<?xml version="1.0" encoding="utf-8"?>
<TestRun id="0f4e781b-d019-441d-801d-dfb702b5a38c" name="DanielVillamizar@P-DVILLAMIZARA 2025-11-26 01:18:01" runUser="AzureAD\DanielVillamizar" xmlns="http://microsoft.com/schemas/VisualStudio/TeamTest/2010">
  <Times creation="2025-11-26T01:18:01.4773517-05:00" queuing="2025-11-26T01:18:01.4773521-05:00" start="2025-11-26T01:17:04.9835121-05:00" finish="2025-11-26T01:18:01.5268153-05:00" />
  <TestSettings name="default" id="dff2b5ca-d7bf-45ba-a70d-d663113add4e">
    <Deployment runDeploymentRoot="DanielVillamizar_P-DVILLAMIZARA_2025-11-26_01_18_01" />
  </TestSettings>
  <Results>
    <UnitTestResult executionId="75ce0027-757d-46cc-9bb7-18df6a75bb03" testId="0eefce97-1b59-b81f-e4a7-12ab4ebecb78" testName="ContabilidadLAMAMedellin.Tests.E2E.ConfiguracionTests.Configuracion_ConsultarUsuarios_MuestraListado" computerName="P-DVILLAMIZARA" duration="00:00:18.9761874" startTime="2025-11-26T01:17:07.4185856-05:00" endTime="2025-11-26T01:18:01.1365708-05:00" testType="13cdc9d9-ddb5-4fa4-a97d-d965ccfc6d4b" outcome="Passed" testListId="8c84fa94-04c1-424b-9868-57a2d4851a1d" relativeResultsDirectory="75ce0027-757d-46cc-9bb7-18df6a75bb03" />
  </Results>
  <TestDefinitions>
    <UnitTest name="ContabilidadLAMAMedellin.Tests.E2E.ConfiguracionTests.Configuracion_ConsultarUsuarios_MuestraListado" storage="c:\users\danielvillamizar\contabilidadlamamedellin\tests\e2e\bin\debug\net8.0\contabilidadlamamedellin.tests.e2e.dll" id="0eefce97-1b59-b81f-e4a7-12ab4ebecb78">
      <Execution id="75ce0027-757d-46cc-9bb7-18df6a75bb03" />
      <TestMethod codeBase="C:\Users\DanielVillamizar\ContabilidadLAMAMedellin\tests\E2E\bin\Debug\net8.0\ContabilidadLAMAMedellin.Tests.E2E.dll" adapterTypeName="executor://xunit/VsTestRunner3/netcore/" className="ContabilidadLAMAMedellin.Tests.E2E.ConfiguracionTests" name="Configuracion_ConsultarUsuarios_MuestraListado" />
    </UnitTest>
  </TestDefinitions>
  <TestEntries>
    <TestEntry testId="0eefce97-1b59-b81f-e4a7-12ab4ebecb78" executionId="75ce0027-757d-46cc-9bb7-18df6a75bb03" testListId="8c84fa94-04c1-424b-9868-57a2d4851a1d" />
  </TestEntries>
  <TestLists>
    <TestList name="Results Not in a List" id="8c84fa94-04c1-424b-9868-57a2d4851a1d" />
    <TestList name="All Loaded Results" id="19431567-8539-422a-85d7-44ee4e166bda" />
  </TestLists>
  <ResultSummary outcome="Completed">
    <Counters total="1" executed="1" passed="1" failed="0" error="0" timeout="0" aborted="0" inconclusive="0" passedButRunAborted="0" notRunnable="0" notExecuted="0" disconnected="0" warning="0" completed="0" inProgress="0" pending="0" />
    <Output>
      <StdOut>[xUnit.net 00:00:00.01] xUnit.net VSTest Adapter v3.1.4+50e68bbb8b (64-bit .NET 8.0.22)&#xD;
[xUnit.net 00:00:00.38]   Discovering: ContabilidadLAMAMedellin.Tests.E2E&#xD;
[xUnit.net 00:00:00.54]   Discovered:  ContabilidadLAMAMedellin.Tests.E2E&#xD;
[xUnit.net 00:00:00.63]   Starting:    ContabilidadLAMAMedellin.Tests.E2E&#xD;
? Console Error: Failed to load resource: the server responded with a status of 404 (Not Found)&#xD;
[xUnit.net 00:00:54.49]   Finished:    ContabilidadLAMAMedellin.Tests.E2E&#xD;
</StdOut>
    </Output>
  </ResultSummary>
</TestRun>