<?xml version="1.0" encoding="utf-8"?>
<TestRun id="dcc3b8e9-0641-42cd-b309-dd91bdbab873" name="DanielVillamizar@P-DVILLAMIZARA 2025-11-18 17:12:36" runUser="AzureAD\DanielVillamizar" xmlns="http://microsoft.com/schemas/VisualStudio/TeamTest/2010">
  <Times creation="2025-11-18T17:12:36.0446549-05:00" queuing="2025-11-18T17:12:36.0446553-05:00" start="2025-11-18T17:11:18.9834351-05:00" finish="2025-11-18T17:12:36.0858942-05:00" />
  <TestSettings name="default" id="a450c08f-4fa7-4172-8a08-aaadcbe084e4">
    <Deployment runDeploymentRoot="DanielVillamizar_P-DVILLAMIZARA_2025-11-18_17_12_36" />
  </TestSettings>
  <Results>
    <UnitTestResult executionId="e6aa3c9b-9920-4701-9983-052071afbf12" testId="5b868f69-b322-ae28-3dbd-a7ca6d5feaf9" testName="ContabilidadLAMAMedellin.Tests.E2E.AdministracionTests.Administracion_LoginComoAdmin_AccedeAlDashboard" computerName="P-DVILLAMIZARA" duration="00:00:56.3674594" startTime="2025-11-18T17:11:20.8766056-05:00" endTime="2025-11-18T17:12:35.8321977-05:00" testType="13cdc9d9-ddb5-4fa4-a97d-d965ccfc6d4b" outcome="Failed" testListId="8c84fa94-04c1-424b-9868-57a2d4851a1d" relativeResultsDirectory="e6aa3c9b-9920-4701-9983-052071afbf12">
      <Output>
        <ErrorInfo>
          <Message>System.TimeoutException : El servidor no estuvo disponible tras 15 intentos accediendo a http://localhost:5000/Identity/Account/Login.</Message>
          <StackTrace>   at ContabilidadLAMAMedellin.Tests.E2E.BaseTest.WaitForServerReadyAsync(Int32 maxIntentos, Int32 delayInicialMs) in c:\Users\DanielVillamizar\ContabilidadLAMAMedellin\tests\E2E\BaseTest.cs:line 340&#xD;
   at ContabilidadLAMAMedellin.Tests.E2E.BaseTest.LoginAsync(String email, String password) in c:\Users\DanielVillamizar\ContabilidadLAMAMedellin\tests\E2E\BaseTest.cs:line 121&#xD;
   at ContabilidadLAMAMedellin.Tests.E2E.AdministracionTests.Administracion_LoginComoAdmin_AccedeAlDashboard() in c:\Users\DanielVillamizar\ContabilidadLAMAMedellin\tests\E2E\AdministracionTests.cs:line 15&#xD;
--- End of stack trace from previous location ---</StackTrace>
        </ErrorInfo>
      </Output>
    </UnitTestResult>
  </Results>
  <TestDefinitions>
    <UnitTest name="ContabilidadLAMAMedellin.Tests.E2E.AdministracionTests.Administracion_LoginComoAdmin_AccedeAlDashboard" storage="c:\users\danielvillamizar\contabilidadlamamedellin\tests\e2e\bin\debug\net8.0\contabilidadlamamedellin.tests.e2e.dll" id="5b868f69-b322-ae28-3dbd-a7ca6d5feaf9">
      <Execution id="e6aa3c9b-9920-4701-9983-052071afbf12" />
      <TestMethod codeBase="c:\Users\DanielVillamizar\ContabilidadLAMAMedellin\tests\E2E\bin\Debug\net8.0\ContabilidadLAMAMedellin.Tests.E2E.dll" adapterTypeName="executor://xunit/VsTestRunner3/netcore/" className="ContabilidadLAMAMedellin.Tests.E2E.AdministracionTests" name="Administracion_LoginComoAdmin_AccedeAlDashboard" />
    </UnitTest>
  </TestDefinitions>
  <TestEntries>
    <TestEntry testId="5b868f69-b322-ae28-3dbd-a7ca6d5feaf9" executionId="e6aa3c9b-9920-4701-9983-052071afbf12" testListId="8c84fa94-04c1-424b-9868-57a2d4851a1d" />
  </TestEntries>
  <TestLists>
    <TestList name="Results Not in a List" id="8c84fa94-04c1-424b-9868-57a2d4851a1d" />
    <TestList name="All Loaded Results" id="19431567-8539-422a-85d7-44ee4e166bda" />
  </TestLists>
  <ResultSummary outcome="Failed">
    <Counters total="1" executed="1" passed="0" failed="1" error="0" timeout="0" aborted="0" inconclusive="0" passedButRunAborted="0" notRunnable="0" notExecuted="0" disconnected="0" warning="0" completed="0" inProgress="0" pending="0" />
    <Output>
      <StdOut>[xUnit.net 00:00:00.00] xUnit.net VSTest Adapter v3.1.4+50e68bbb8b (64-bit .NET 8.0.22)&#xD;
[xUnit.net 00:00:00.32]   Discovering: ContabilidadLAMAMedellin.Tests.E2E&#xD;
[xUnit.net 00:00:00.50]   Discovered:  ContabilidadLAMAMedellin.Tests.E2E&#xD;
[xUnit.net 00:00:00.60]   Starting:    ContabilidadLAMAMedellin.Tests.E2E&#xD;
? Server no disponible (intento 1): The request was canceled due to the configured HttpClient.Timeout of 2 seconds elapsing.&#xD;
? Server no disponible (intento 2): The request was canceled due to the configured HttpClient.Timeout of 2 seconds elapsing.&#xD;
? Server no disponible (intento 3): The request was canceled due to the configured HttpClient.Timeout of 2 seconds elapsing.&#xD;
? Server no disponible (intento 4): The request was canceled due to the configured HttpClient.Timeout of 2 seconds elapsing.&#xD;
? Server no disponible (intento 5): The request was canceled due to the configured HttpClient.Timeout of 2 seconds elapsing.&#xD;
? Server no disponible (intento 6): The request was canceled due to the configured HttpClient.Timeout of 2 seconds elapsing.&#xD;
? Server no disponible (intento 7): The request was canceled due to the configured HttpClient.Timeout of 2 seconds elapsing.&#xD;
? Server no disponible (intento 8): The request was canceled due to the configured HttpClient.Timeout of 2 seconds elapsing.&#xD;
? Server no disponible (intento 9): The request was canceled due to the configured HttpClient.Timeout of 2 seconds elapsing.&#xD;
? Server no disponible (intento 10): The request was canceled due to the configured HttpClient.Timeout of 2 seconds elapsing.&#xD;
? Server no disponible (intento 11): The request was canceled due to the configured HttpClient.Timeout of 2 seconds elapsing.&#xD;
? Server no disponible (intento 12): The request was canceled due to the configured HttpClient.Timeout of 2 seconds elapsing.&#xD;
? Server no disponible (intento 13): The request was canceled due to the configured HttpClient.Timeout of 2 seconds elapsing.&#xD;
? Server no disponible (intento 14): The request was canceled due to the configured HttpClient.Timeout of 2 seconds elapsing.&#xD;
? Server no disponible (intento 15): The request was canceled due to the configured HttpClient.Timeout of 2 seconds elapsing.&#xD;
[xUnit.net 00:01:15.65]       System.TimeoutException : El servidor no estuvo disponible tras 15 intentos accediendo a http://localhost:5000/Identity/Account/Login.&#xD;
[xUnit.net 00:01:15.65]       Stack Trace:&#xD;
[xUnit.net 00:01:15.65]         c:\Users\DanielVillamizar\ContabilidadLAMAMedellin\tests\E2E\BaseTest.cs(340,0): at ContabilidadLAMAMedellin.Tests.E2E.BaseTest.WaitForServerReadyAsync(Int32 maxIntentos, Int32 delayInicialMs)&#xD;
[xUnit.net 00:01:15.65]         c:\Users\DanielVillamizar\ContabilidadLAMAMedellin\tests\E2E\BaseTest.cs(121,0): at ContabilidadLAMAMedellin.Tests.E2E.BaseTest.LoginAsync(String email, String password)&#xD;
[xUnit.net 00:01:15.65]         c:\Users\DanielVillamizar\ContabilidadLAMAMedellin\tests\E2E\AdministracionTests.cs(15,0): at ContabilidadLAMAMedellin.Tests.E2E.AdministracionTests.Administracion_LoginComoAdmin_AccedeAlDashboard()&#xD;
[xUnit.net 00:01:15.65]         --- End of stack trace from previous location ---&#xD;
[xUnit.net 00:01:15.68]   Finished:    ContabilidadLAMAMedellin.Tests.E2E&#xD;
</StdOut>
    </Output>
    <RunInfos>
      <RunInfo computerName="P-DVILLAMIZARA" outcome="Error" timestamp="2025-11-18T17:12:35.8373235-05:00">
        <Text>[xUnit.net 00:01:15.65]     ContabilidadLAMAMedellin.Tests.E2E.AdministracionTests.Administracion_LoginComoAdmin_AccedeAlDashboard [FAIL]</Text>
      </RunInfo>
    </RunInfos>
  </ResultSummary>
</TestRun>